# JRE version: Java(TM) SE Runtime Environment (17.0.12+8) (build 17.0.12+8-LTS-286)
# Java VM: Java HotSpot(TM) 64-Bit Server VM (17.0.12+8-LTS-286, mixed mode, sharing, tiered, compressed oops, compressed class ptrs, g1 gc, windows-amd64)
GC Precious Log:
 CPUs: 4 total, 4 available
 Memory: 8024M
 Large Page Support: Disabled
 NUMA Support: Disabled
 Compressed Oops: Enabled (Zero based)
 Heap Region Size: 2M
 Heap Min Capacity: 8M
 Heap Initial Capacity: 126M
 Heap Max Capacity: 4G
 Pre-touch: Disabled
 Parallel Workers: 4
 Concurrent Workers: 1
 Concurrent Refinement Workers: 4
 Periodic GC: Disabled
Heap:
 garbage-first heap   total 96256K, used 67215K [0x0000000700000000, 0x0000000800000000)
  region size 2048K, 18 young (36864K), 2 survivors (4096K)
 Metaspace       used 43606K, committed 44160K, reserved 1114112K
  class space    used 6096K, committed 6336K, reserved 1048576K
GC Heap History (20 events):
Event: 3.595 GC heap before
{Heap before GC invocations=2 (full 0):
 garbage-first heap   total 129024K, used 29005K [0x0000000700000000, 0x0000000800000000)
  region size 2048K, 11 young (22528K), 1 survivors (2048K)
 Metaspace       used 3984K, committed 4160K, reserved 1114112K
  class space    used 491K, committed 576K, reserved 1048576K
}
Event: 3.600 GC heap after
{Heap after GC invocations=3 (full 0):
 garbage-first heap   total 129024K, used 10978K [0x0000000700000000, 0x0000000800000000)
  region size 2048K, 2 young (4096K), 2 survivors (4096K)
 Metaspace       used 3984K, committed 4160K, reserved 1114112K
  class space    used 491K, committed 576K, reserved 1048576K
}
Event: 10.924 GC heap before
{Heap before GC invocations=3 (full 0):
 garbage-first heap   total 129024K, used 82658K [0x0000000700000000, 0x0000000800000000)
  region size 2048K, 37 young (75776K), 2 survivors (4096K)
 Metaspace       used 14915K, committed 15168K, reserved 1114112K
  class space    used 2089K, committed 2240K, reserved 1048576K
}
Event: 10.945 GC heap after
{Heap after GC invocations=4 (full 0):
 garbage-first heap   total 129024K, used 19431K [0x0000000700000000, 0x0000000800000000)
  region size 2048K, 5 young (10240K), 5 survivors (10240K)
 Metaspace       used 14915K, committed 15168K, reserved 1114112K
  class space    used 2089K, committed 2240K, reserved 1048576K
}
Event: 17.955 GC heap before
{Heap before GC invocations=4 (full 0):
 garbage-first heap   total 129024K, used 68583K [0x0000000700000000, 0x0000000800000000)
  region size 2048K, 30 young (61440K), 5 survivors (10240K)
 Metaspace       used 21195K, committed 21504K, reserved 1114112K
  class space    used 3106K, committed 3264K, reserved 1048576K
}
Event: 17.984 GC heap after
{Heap after GC invocations=5 (full 0):
 garbage-first heap   total 129024K, used 25235K [0x0000000700000000, 0x0000000800000000)
  region size 2048K, 3 young (6144K), 3 survivors (6144K)
 Metaspace       used 21195K, committed 21504K, reserved 1114112K
  class space    used 3106K, committed 3264K, reserved 1048576K
}
Event: 21.770 GC heap before
{Heap before GC invocations=6 (full 0):
 garbage-first heap   total 96256K, used 76435K [0x0000000700000000, 0x0000000800000000)
  region size 2048K, 28 young (57344K), 3 survivors (6144K)
 Metaspace       used 27691K, committed 28096K, reserved 1114112K
  class space    used 4079K, committed 4288K, reserved 1048576K
}
Event: 21.783 GC heap after
{Heap after GC invocations=7 (full 0):
 garbage-first heap   total 96256K, used 26685K [0x0000000700000000, 0x0000000800000000)
  region size 2048K, 2 young (4096K), 2 survivors (4096K)
 Metaspace       used 27691K, committed 28096K, reserved 1114112K
  class space    used 4079K, committed 4288K, reserved 1048576K
}
Event: 21.883 GC heap before
{Heap before GC invocations=7 (full 0):
 garbage-first heap   total 96256K, used 26685K [0x0000000700000000, 0x0000000800000000)
  region size 2048K, 3 young (6144K), 2 survivors (4096K)
 Metaspace       used 27949K, committed 28352K, reserved 1114112K
  class space    used 4124K, committed 4352K, reserved 1048576K
}
Event: 21.891 GC heap after
{Heap after GC invocations=8 (full 0):
 garbage-first heap   total 96256K, used 26899K [0x0000000700000000, 0x0000000800000000)
  region size 2048K, 1 young (2048K), 1 survivors (2048K)
 Metaspace       used 27949K, committed 28352K, reserved 1114112K
  class space    used 4124K, committed 4352K, reserved 1048576K
}
Event: 24.870 GC heap before
{Heap before GC invocations=8 (full 0):
 garbage-first heap   total 96256K, used 67859K [0x0000000700000000, 0x0000000800000000)
  region size 2048K, 22 young (45056K), 1 survivors (2048K)
 Metaspace       used 33461K, committed 33920K, reserved 1114112K
  class space    used 4694K, committed 4928K, reserved 1048576K
}
Event: 24.882 GC heap after
{Heap after GC invocations=9 (full 0):
 garbage-first heap   total 96256K, used 30916K [0x0000000700000000, 0x0000000800000000)
  region size 2048K, 3 young (6144K), 3 survivors (6144K)
 Metaspace       used 33461K, committed 33920K, reserved 1114112K
  class space    used 4694K, committed 4928K, reserved 1048576K
}
Event: 26.899 GC heap before
{Heap before GC invocations=9 (full 0):
 garbage-first heap   total 96256K, used 53444K [0x0000000700000000, 0x0000000800000000)
  region size 2048K, 13 young (26624K), 3 survivors (6144K)
 Metaspace       used 35512K, committed 35968K, reserved 1114112K
  class space    used 4886K, committed 5120K, reserved 1048576K
}
Event: 26.912 GC heap after
{Heap after GC invocations=10 (full 0):
 garbage-first heap   total 96256K, used 33083K [0x0000000700000000, 0x0000000800000000)
  region size 2048K, 2 young (4096K), 2 survivors (4096K)
 Metaspace       used 35512K, committed 35968K, reserved 1114112K
  class space    used 4886K, committed 5120K, reserved 1048576K
}
Event: 31.632 GC heap before
{Heap before GC invocations=11 (full 0):
 garbage-first heap   total 96256K, used 71995K [0x0000000700000000, 0x0000000800000000)
  region size 2048K, 21 young (43008K), 2 survivors (4096K)
 Metaspace       used 37003K, committed 37568K, reserved 1114112K
  class space    used 5126K, committed 5376K, reserved 1048576K
}
Event: 31.644 GC heap after
{Heap after GC invocations=12 (full 0):
 garbage-first heap   total 96256K, used 34740K [0x0000000700000000, 0x0000000800000000)
  region size 2048K, 3 young (6144K), 3 survivors (6144K)
 Metaspace       used 37003K, committed 37568K, reserved 1114112K
  class space    used 5126K, committed 5376K, reserved 1048576K
}
Event: 31.819 GC heap before
{Heap before GC invocations=12 (full 0):
 garbage-first heap   total 96256K, used 34740K [0x0000000700000000, 0x0000000800000000)
  region size 2048K, 4 young (8192K), 3 survivors (6144K)
 Metaspace       used 37184K, committed 37696K, reserved 1114112K
  class space    used 5134K, committed 5376K, reserved 1048576K
}
Event: 31.834 GC heap after
{Heap after GC invocations=13 (full 0):
 garbage-first heap   total 96256K, used 35060K [0x0000000700000000, 0x0000000800000000)
  region size 2048K, 1 young (2048K), 1 survivors (2048K)
 Metaspace       used 37184K, committed 37696K, reserved 1114112K
  class space    used 5134K, committed 5376K, reserved 1048576K
}
Event: 38.637 GC heap before
{Heap before GC invocations=13 (full 0):
 garbage-first heap   total 96256K, used 69876K [0x0000000700000000, 0x0000000800000000)
  region size 2048K, 19 young (38912K), 1 survivors (2048K)
 Metaspace       used 40828K, committed 41344K, reserved 1114112K
  class space    used 5650K, committed 5888K, reserved 1048576K
}
Event: 38.644 GC heap after
{Heap after GC invocations=14 (full 0):
 garbage-first heap   total 96256K, used 36495K [0x0000000700000000, 0x0000000800000000)
  region size 2048K, 2 young (4096K), 2 survivors (4096K)
 Metaspace       used 40828K, committed 41344K, reserved 1114112K
  class space    used 5650K, committed 5888K, reserved 1048576K
}

